C51 COMPILER V9.57.0.0   SENSOR                                                            07/09/2025 23:58:18 PAGE 1   


C51 COMPILER V9.57.0.0, COMPILATION OF MODULE SENSOR
OBJECT MODULE PLACED IN .\Objects\SENSOR.obj
COMPILER INVOKED BY: D:\Keil_v5\C51\BIN\C51.EXE SENSOR.c OPTIMIZE(8,SPEED) BROWSE DEBUG OBJECTEXTEND PRINT(.\Listings\SE
                    -NSOR.lst) TABS(2) OBJECT(.\Objects\SENSOR.obj)

line level    source

   1          #include <REGX52.H>
   2          #include "SENSOR.h"
   3          
   4          
   5          void Sensor_Init(void)
   6          {
   7   1          P0 |= 0x0E;  // P0.1 ~ P0.3 设置为输入模式
   8   1      }
   9          
  10          // 返回位置误差（-2.5 ~ 2.5）
  11          float Sensor_GetError(void)
  12          {
  13   1          unsigned char L = Left_LED;
  14   1          unsigned char M = Mid_LED;
  15   1          unsigned char R = Right_LED;
  16   1          err = 0;
  17   1      
  18   1          if(L == 0 && M == 1 && R == 0)      err = 0;
  19   1          else if(L == 1 && M == 1 && R == 0) err = -2;
  20   1          else if(L == 1 && M == 0 && R == 0) err = -4;
  21   1          else if(L == 0 && M == 1 && R == 1) err = 2;
  22   1          else if(L == 0 && M == 0 && R == 1) err = 4;
  23   1      
  24   1          else                                err = 0; // 全黑或全白默认中线
  25   1      
  26   1          return err;
  27   1      }


MODULE INFORMATION:   STATIC OVERLAYABLE
   CODE SIZE        =    133    ----
   CONSTANT SIZE    =   ----    ----
   XDATA SIZE       =   ----    ----
   PDATA SIZE       =   ----    ----
   DATA SIZE        =   ----    ----
   IDATA SIZE       =   ----    ----
   BIT SIZE         =   ----    ----
END OF MODULE INFORMATION.


C51 COMPILATION COMPLETE.  0 WARNING(S),  0 ERROR(S)
